0 silly argv {
0 silly argv   _: [ 'publish' ],
0 silly argv   composed: 'publish',
0 silly argv   lernaVersion: '7.4.2',
0 silly argv   '$0': 'C:\\Program Files\\nodejs\\node_modules\\lerna\\dist\\cli.js'
0 silly argv }
1 notice cli v7.4.2
2 verbose packageConfigs Resolving packages based on package.json "workspaces" configuration.
3 verbose rootPath D:\Project\Learn\webimooc\jie-cli
4 verbose session 6fa50e1ee8a823e9
5 verbose user-agent lerna/7.4.2/node@v16.13.0+x64 (win32)
6 silly argv { _: [ 'publish' ], composed: 'publish', lernaVersion: '7.4.2' }
7 verbose packageConfigs Resolving packages based on package.json "workspaces" configuration.
8 verbose rootPath D:\Project\Learn\webimooc\jie-cli
9 info current version 0.0.19
10 silly isAnythingCommitted
11 verbose isAnythingCommitted 1
12 silly getCurrentBranch
13 verbose currentBranch main
14 silly remoteBranchExists
15 silly isBehindUpstream
16 silly isBehindUpstream main is behind origin/main by 0 commit(s) and ahead by 0
17 silly hasTags
18 verbose hasTags true
19 silly git-describe.sync "v0.0.19-4-g567510f" => {"lastTagName":"v0.0.19","lastVersion":"v0.0.19","refCount":"4","sha":"567510f","isDirty":false}
20 info Looking for changed packages since v0.0.19
21 silly checking diff packages/commands/add
22 silly no diff found in @jie-cli/add
23 silly checking diff packages/commands/init
24 silly found diff in packages/commands/init/lib/index.js
24 silly found diff in packages/commands/init/libs/init/index.js
25 verbose filtered diff [
25 verbose filtered diff   'packages/commands/init/lib/index.js',
25 verbose filtered diff   'packages/commands/init/libs/init/index.js'
25 verbose filtered diff ]
26 silly checking diff packages/core/cli
27 silly found diff in packages/core/cli/lib/index.js
27 silly found diff in packages/core/cli/package.json
28 verbose filtered diff [ 'packages/core/cli/lib/index.js', 'packages/core/cli/package.json' ]
29 silly checking diff packages/core/exec
30 silly found diff in packages/core/exec/lib/index.js
31 verbose filtered diff [ 'packages/core/exec/lib/index.js' ]
32 silly checking diff packages/models/package
33 silly found diff in packages/models/package/lib/index.js
33 silly found diff in packages/models/package/package-lock.json
33 silly found diff in packages/models/package/package.json
34 verbose filtered diff [
34 verbose filtered diff   'packages/models/package/lib/index.js',
34 verbose filtered diff   'packages/models/package/package-lock.json',
34 verbose filtered diff   'packages/models/package/package.json'
34 verbose filtered diff ]
35 silly checking diff packages/utils/format-path
36 silly found diff in packages/utils/format-path/lib/index.js
37 verbose filtered diff [ 'packages/utils/format-path/lib/index.js' ]
38 silly checking diff packages/utils/get-npm-info
39 silly found diff in packages/utils/get-npm-info/lib/index.js
40 verbose filtered diff [ 'packages/utils/get-npm-info/lib/index.js' ]
41 silly checking diff packages/utils/log
42 silly no diff found in @jie-cli/log
43 silly checking diff packages/utils/utils
44 silly no diff found in @jie-cli/utils
45 verbose updated @jie-cli/init
46 verbose updated @jie-cli/core
47 verbose updated @jie-cli/exec
48 verbose updated @jie-cli/package
49 verbose updated @jie-cli/format-path
50 verbose updated @jie-cli/get-npm-info
51 verbose git-describe undefined => "v0.0.19-4-g567510f"
52 silly git-describe parsed => {"lastTagName":"v0.0.19","lastVersion":"v0.0.19","refCount":"4","sha":"567510f","isDirty":false}
53 info execute Skipping releases
54 silly lifecycle No script for "preversion" in "root", continuing
55 silly lifecycle No script for "preversion" in "@jie-cli/add", continuing
56 silly lifecycle No script for "preversion" in "@jie-cli/init", continuing
57 silly lifecycle No script for "preversion" in "@jie-cli/core", continuing
58 silly lifecycle No script for "preversion" in "@jie-cli/exec", continuing
59 silly lifecycle No script for "preversion" in "@jie-cli/package", continuing
60 silly lifecycle No script for "preversion" in "@jie-cli/format-path", continuing
61 silly lifecycle No script for "preversion" in "@jie-cli/get-npm-info", continuing
62 silly lifecycle No script for "preversion" in "@jie-cli/log", continuing
63 silly lifecycle No script for "preversion" in "@jie-cli/utils", continuing
64 verbose version @jie-cli/add has no lockfile. Skipping lockfile update.
65 verbose version @jie-cli/init has no lockfile. Skipping lockfile update.
66 verbose version @jie-cli/core has no lockfile. Skipping lockfile update.
67 verbose version @jie-cli/exec has no lockfile. Skipping lockfile update.
68 verbose version @jie-cli/get-npm-info has no lockfile. Skipping lockfile update.
69 verbose version @jie-cli/format-path has no lockfile. Skipping lockfile update.
70 verbose version @jie-cli/utils has no lockfile. Skipping lockfile update.
71 verbose version @jie-cli/log has no lockfile. Skipping lockfile update.
72 silly lifecycle No script for "version" in "@jie-cli/add", continuing
73 silly lifecycle No script for "version" in "@jie-cli/core", continuing
74 silly lifecycle No script for "version" in "@jie-cli/package", continuing
75 silly lifecycle No script for "version" in "@jie-cli/init", continuing
76 silly lifecycle No script for "version" in "@jie-cli/exec", continuing
77 silly lifecycle No script for "version" in "@jie-cli/log", continuing
78 silly lifecycle No script for "version" in "@jie-cli/get-npm-info", continuing
79 silly lifecycle No script for "version" in "@jie-cli/utils", continuing
80 silly lifecycle No script for "version" in "@jie-cli/format-path", continuing
81 silly lifecycle No script for "version" in "root", continuing
82 verbose version Updating root package-lock.json
83 silly gitAdd [
83 silly gitAdd   'packages/commands/add/package.json',
83 silly gitAdd   'packages/core/cli/package.json',
83 silly gitAdd   'packages/models/package/package.json',
83 silly gitAdd   'packages/models/package/package-lock.json',
83 silly gitAdd   'packages/commands/init/package.json',
83 silly gitAdd   'packages/core/exec/package.json',
83 silly gitAdd   'packages/utils/log/package.json',
83 silly gitAdd   'packages/utils/get-npm-info/package.json',
83 silly gitAdd   'packages/utils/utils/package.json',
83 silly gitAdd   'packages/utils/format-path/package.json',
83 silly gitAdd   'lerna.json',
83 silly gitAdd   'package-lock.json'
83 silly gitAdd ]
84 silly gitCommit v0.0.20
85 verbose git [ 'commit', '-m', 'v0.0.20' ]
86 silly gitTag v0.0.20 git tag %s -m %s
87 verbose git [ 'tag', 'v0.0.20', '-m', 'v0.0.20' ]
88 silly lifecycle No script for "postversion" in "@jie-cli/add", continuing
89 silly lifecycle No script for "postversion" in "@jie-cli/init", continuing
90 silly lifecycle No script for "postversion" in "@jie-cli/core", continuing
91 silly lifecycle No script for "postversion" in "@jie-cli/exec", continuing
92 silly lifecycle No script for "postversion" in "@jie-cli/package", continuing
93 silly lifecycle No script for "postversion" in "@jie-cli/format-path", continuing
94 silly lifecycle No script for "postversion" in "@jie-cli/get-npm-info", continuing
95 silly lifecycle No script for "postversion" in "@jie-cli/log", continuing
96 silly lifecycle No script for "postversion" in "@jie-cli/utils", continuing
97 silly lifecycle No script for "postversion" in "root", continuing
98 info git Pushing tags...
99 silly gitPush origin main
100 info publish Publishing packages to npm...
101 warn ENOLICENSE Packages @jie-cli/add, @jie-cli/init, @jie-cli/core, @jie-cli/exec, @jie-cli/package, @jie-cli/format-path, @jie-cli/get-npm-info, @jie-cli/log, and @jie-cli/utils are missing a license.
101 warn ENOLICENSE One way to fix this is to add a LICENSE.md file to the root of this repository.
101 warn ENOLICENSE See https://choosealicense.com for additional guidance.
102 silly getCurrentSHA
103 verbose getCurrentSHA 922aafd4d6cac7e7aed099b7fa36e038162f632b
104 silly lifecycle No script for "prepublish" in "root", continuing
105 silly lifecycle No script for "prepare" in "root", continuing
106 silly lifecycle No script for "prepublishOnly" in "root", continuing
107 silly lifecycle No script for "prepack" in "root", continuing
108 verbose pack-directory packages\commands\add
109 verbose pack-directory packages\commands\init
110 verbose pack-directory packages\core\cli
111 verbose pack-directory packages\core\exec
112 verbose pack-directory packages\models\package
113 verbose pack-directory packages\utils\format-path
114 verbose pack-directory packages\utils\get-npm-info
115 verbose pack-directory packages\utils\log
116 verbose pack-directory packages\utils\utils
117 silly lifecycle No script for "prepublish" in "@jie-cli/add", continuing
118 silly lifecycle No script for "prepublish" in "@jie-cli/init", continuing
119 silly lifecycle No script for "prepublish" in "@jie-cli/core", continuing
120 silly lifecycle No script for "prepublish" in "@jie-cli/exec", continuing
121 silly lifecycle No script for "prepublish" in "@jie-cli/package", continuing
122 silly lifecycle No script for "prepublish" in "@jie-cli/format-path", continuing
123 silly lifecycle No script for "prepublish" in "@jie-cli/get-npm-info", continuing
124 silly lifecycle No script for "prepublish" in "@jie-cli/log", continuing
125 silly lifecycle No script for "prepublish" in "@jie-cli/utils", continuing
126 silly lifecycle No script for "prepare" in "@jie-cli/add", continuing
127 silly lifecycle No script for "prepare" in "@jie-cli/init", continuing
128 silly lifecycle No script for "prepare" in "@jie-cli/core", continuing
129 silly lifecycle No script for "prepare" in "@jie-cli/exec", continuing
130 silly lifecycle No script for "prepare" in "@jie-cli/package", continuing
131 silly lifecycle No script for "prepare" in "@jie-cli/format-path", continuing
132 silly lifecycle No script for "prepare" in "@jie-cli/get-npm-info", continuing
133 silly lifecycle No script for "prepare" in "@jie-cli/log", continuing
134 silly lifecycle No script for "prepare" in "@jie-cli/utils", continuing
135 silly lifecycle No script for "prepublishOnly" in "@jie-cli/add", continuing
136 silly lifecycle No script for "prepublishOnly" in "@jie-cli/exec", continuing
137 silly lifecycle No script for "prepublishOnly" in "@jie-cli/core", continuing
138 silly lifecycle No script for "prepublishOnly" in "@jie-cli/init", continuing
139 silly lifecycle No script for "prepublishOnly" in "@jie-cli/log", continuing
140 silly lifecycle No script for "prepublishOnly" in "@jie-cli/format-path", continuing
141 silly lifecycle No script for "prepublishOnly" in "@jie-cli/package", continuing
142 silly lifecycle No script for "prepublishOnly" in "@jie-cli/get-npm-info", continuing
143 silly lifecycle No script for "prepublishOnly" in "@jie-cli/utils", continuing
144 silly lifecycle No script for "prepack" in "@jie-cli/add", continuing
145 silly lifecycle No script for "prepack" in "@jie-cli/log", continuing
146 silly lifecycle No script for "prepack" in "@jie-cli/core", continuing
147 silly lifecycle No script for "prepack" in "@jie-cli/init", continuing
148 silly lifecycle No script for "prepack" in "@jie-cli/exec", continuing
149 silly lifecycle No script for "prepack" in "@jie-cli/package", continuing
150 silly lifecycle No script for "prepack" in "@jie-cli/format-path", continuing
151 silly lifecycle No script for "prepack" in "@jie-cli/get-npm-info", continuing
152 silly lifecycle No script for "prepack" in "@jie-cli/utils", continuing
153 silly lifecycle No script for "postpack" in "@jie-cli/add", continuing
154 verbose packed packages\commands\add
155 silly lifecycle No script for "postpack" in "@jie-cli/exec", continuing
156 verbose packed packages\core\exec
157 silly lifecycle No script for "postpack" in "@jie-cli/init", continuing
158 verbose packed packages\commands\init
159 silly lifecycle No script for "postpack" in "@jie-cli/package", continuing
160 verbose packed packages\models\package
161 silly lifecycle No script for "postpack" in "@jie-cli/log", continuing
162 verbose packed packages\utils\log
163 silly lifecycle No script for "postpack" in "@jie-cli/format-path", continuing
164 verbose packed packages\utils\format-path
165 silly lifecycle No script for "postpack" in "@jie-cli/utils", continuing
166 verbose packed packages\utils\utils
167 silly lifecycle No script for "postpack" in "@jie-cli/get-npm-info", continuing
168 verbose packed packages\utils\get-npm-info
169 silly lifecycle No script for "postpack" in "@jie-cli/core", continuing
170 verbose packed packages\core\cli
171 silly lifecycle No script for "postpack" in "root", continuing
172 verbose publish @jie-cli/add
173 verbose publish @jie-cli/init
174 verbose publish @jie-cli/core
175 verbose publish @jie-cli/exec
176 verbose publish @jie-cli/package
177 verbose publish @jie-cli/format-path
178 verbose publish @jie-cli/get-npm-info
179 verbose publish @jie-cli/log
180 verbose publish @jie-cli/utils
181 silly FetchError: request to https://registry.npmjs.org/@jie-cli%2fformat-path failed, reason: connect ETIMEDOUT 104.16.28.34:443
181 silly     at ClientRequest.<anonymous> (D:\Project\Learn\webimooc\jie-cli\node_modules\npm-registry-fetch\node_modules\minipass-fetch\lib\index.js:130:14)
181 silly     at ClientRequest.emit (node:events:390:28)
181 silly     at TLSSocket.socketErrorListener (node:_http_client:447:9)
181 silly     at TLSSocket.emit (node:events:402:35)
181 silly     at emitErrorNT (node:internal/streams/destroy:157:8)
181 silly     at emitErrorCloseNT (node:internal/streams/destroy:122:3)
181 silly     at processTicksAndRejections (node:internal/process/task_queues:83:21)
181 silly  FetchError: request to https://registry.npmjs.org/@jie-cli%2fformat-path failed, reason: connect ETIMEDOUT 104.16.28.34:443
181 silly     at ClientRequest.<anonymous> (D:\Project\Learn\webimooc\jie-cli\node_modules\npm-registry-fetch\node_modules\minipass-fetch\lib\index.js:130:14)
181 silly     at ClientRequest.emit (node:events:390:28)
181 silly     at TLSSocket.socketErrorListener (node:_http_client:447:9)
181 silly     at TLSSocket.emit (node:events:402:35)
181 silly     at emitErrorNT (node:internal/streams/destroy:157:8)
181 silly     at emitErrorCloseNT (node:internal/streams/destroy:122:3)
181 silly     at processTicksAndRejections (node:internal/process/task_queues:83:21) {
181 silly   code: 'ETIMEDOUT',
181 silly   errno: 'ETIMEDOUT',
181 silly   syscall: 'connect',
181 silly   address: '104.16.28.34',
181 silly   port: 443,
181 silly   type: 'system'
181 silly }
182 warn notice Package failed to publish: @jie-cli/format-path
183 error ETIMEDOUT request to https://registry.npmjs.org/@jie-cli%2fformat-path failed, reason: connect ETIMEDOUT 104.16.28.34:443
184 error errno "ETIMEDOUT" is not a valid exit code - exiting with code 1
185 silly FetchError: request to https://registry.npmjs.org/@jie-cli%2finit failed, reason: connect ETIMEDOUT 104.16.28.34:443
185 silly     at ClientRequest.<anonymous> (D:\Project\Learn\webimooc\jie-cli\node_modules\npm-registry-fetch\node_modules\minipass-fetch\lib\index.js:130:14)
185 silly     at ClientRequest.emit (node:events:390:28)
185 silly     at TLSSocket.socketErrorListener (node:_http_client:447:9)
185 silly     at TLSSocket.emit (node:events:402:35)
185 silly     at emitErrorNT (node:internal/streams/destroy:157:8)
185 silly     at emitErrorCloseNT (node:internal/streams/destroy:122:3)
185 silly     at processTicksAndRejections (node:internal/process/task_queues:83:21)
185 silly  FetchError: request to https://registry.npmjs.org/@jie-cli%2finit failed, reason: connect ETIMEDOUT 104.16.28.34:443
185 silly     at ClientRequest.<anonymous> (D:\Project\Learn\webimooc\jie-cli\node_modules\npm-registry-fetch\node_modules\minipass-fetch\lib\index.js:130:14)
185 silly     at ClientRequest.emit (node:events:390:28)
185 silly     at TLSSocket.socketErrorListener (node:_http_client:447:9)
185 silly     at TLSSocket.emit (node:events:402:35)
185 silly     at emitErrorNT (node:internal/streams/destroy:157:8)
185 silly     at emitErrorCloseNT (node:internal/streams/destroy:122:3)
185 silly     at processTicksAndRejections (node:internal/process/task_queues:83:21) {
185 silly   code: 'ETIMEDOUT',
185 silly   errno: 'ETIMEDOUT',
185 silly   syscall: 'connect',
185 silly   address: '104.16.28.34',
185 silly   port: 443,
185 silly   type: 'system'
185 silly }
186 warn notice Package failed to publish: @jie-cli/init
187 error ETIMEDOUT request to https://registry.npmjs.org/@jie-cli%2finit failed, reason: connect ETIMEDOUT 104.16.28.34:443
188 error errno "ETIMEDOUT" is not a valid exit code - exiting with code 1
189 silly FetchError: request to https://registry.npmjs.org/@jie-cli%2fcore failed, reason: connect ETIMEDOUT 104.16.28.34:443
189 silly     at ClientRequest.<anonymous> (D:\Project\Learn\webimooc\jie-cli\node_modules\npm-registry-fetch\node_modules\minipass-fetch\lib\index.js:130:14)
189 silly     at ClientRequest.emit (node:events:390:28)
189 silly     at TLSSocket.socketErrorListener (node:_http_client:447:9)
189 silly     at TLSSocket.emit (node:events:402:35)
189 silly     at emitErrorNT (node:internal/streams/destroy:157:8)
189 silly     at emitErrorCloseNT (node:internal/streams/destroy:122:3)
189 silly     at processTicksAndRejections (node:internal/process/task_queues:83:21)
189 silly  FetchError: request to https://registry.npmjs.org/@jie-cli%2fcore failed, reason: connect ETIMEDOUT 104.16.28.34:443
189 silly     at ClientRequest.<anonymous> (D:\Project\Learn\webimooc\jie-cli\node_modules\npm-registry-fetch\node_modules\minipass-fetch\lib\index.js:130:14)
189 silly     at ClientRequest.emit (node:events:390:28)
189 silly     at TLSSocket.socketErrorListener (node:_http_client:447:9)
189 silly     at TLSSocket.emit (node:events:402:35)
189 silly     at emitErrorNT (node:internal/streams/destroy:157:8)
189 silly     at emitErrorCloseNT (node:internal/streams/destroy:122:3)
189 silly     at processTicksAndRejections (node:internal/process/task_queues:83:21) {
189 silly   code: 'ETIMEDOUT',
189 silly   errno: 'ETIMEDOUT',
189 silly   syscall: 'connect',
189 silly   address: '104.16.28.34',
189 silly   port: 443,
189 silly   type: 'system'
189 silly }
190 warn notice Package failed to publish: @jie-cli/core
191 error ETIMEDOUT request to https://registry.npmjs.org/@jie-cli%2fcore failed, reason: connect ETIMEDOUT 104.16.28.34:443
192 error errno "ETIMEDOUT" is not a valid exit code - exiting with code 1
193 silly FetchError: request to https://registry.npmjs.org/@jie-cli%2fpackage failed, reason: connect ETIMEDOUT 104.16.28.34:443
193 silly     at ClientRequest.<anonymous> (D:\Project\Learn\webimooc\jie-cli\node_modules\npm-registry-fetch\node_modules\minipass-fetch\lib\index.js:130:14)
193 silly     at ClientRequest.emit (node:events:390:28)
193 silly     at TLSSocket.socketErrorListener (node:_http_client:447:9)
193 silly     at TLSSocket.emit (node:events:402:35)
193 silly     at emitErrorNT (node:internal/streams/destroy:157:8)
193 silly     at emitErrorCloseNT (node:internal/streams/destroy:122:3)
193 silly     at processTicksAndRejections (node:internal/process/task_queues:83:21)
193 silly  FetchError: request to https://registry.npmjs.org/@jie-cli%2fpackage failed, reason: connect ETIMEDOUT 104.16.28.34:443
193 silly     at ClientRequest.<anonymous> (D:\Project\Learn\webimooc\jie-cli\node_modules\npm-registry-fetch\node_modules\minipass-fetch\lib\index.js:130:14)
193 silly     at ClientRequest.emit (node:events:390:28)
193 silly     at TLSSocket.socketErrorListener (node:_http_client:447:9)
193 silly     at TLSSocket.emit (node:events:402:35)
193 silly     at emitErrorNT (node:internal/streams/destroy:157:8)
193 silly     at emitErrorCloseNT (node:internal/streams/destroy:122:3)
193 silly     at processTicksAndRejections (node:internal/process/task_queues:83:21) {
193 silly   code: 'ETIMEDOUT',
193 silly   errno: 'ETIMEDOUT',
193 silly   syscall: 'connect',
193 silly   address: '104.16.28.34',
193 silly   port: 443,
193 silly   type: 'system'
193 silly }
194 warn notice Package failed to publish: @jie-cli/package
195 error ETIMEDOUT request to https://registry.npmjs.org/@jie-cli%2fpackage failed, reason: connect ETIMEDOUT 104.16.28.34:443
196 error errno "ETIMEDOUT" is not a valid exit code - exiting with code 1
197 silly FetchError: request to https://registry.npmjs.org/@jie-cli%2fget-npm-info failed, reason: connect ETIMEDOUT 104.16.28.34:443
197 silly     at ClientRequest.<anonymous> (D:\Project\Learn\webimooc\jie-cli\node_modules\npm-registry-fetch\node_modules\minipass-fetch\lib\index.js:130:14)
197 silly     at ClientRequest.emit (node:events:390:28)
197 silly     at TLSSocket.socketErrorListener (node:_http_client:447:9)
197 silly     at TLSSocket.emit (node:events:402:35)
197 silly     at emitErrorNT (node:internal/streams/destroy:157:8)
197 silly     at emitErrorCloseNT (node:internal/streams/destroy:122:3)
197 silly     at processTicksAndRejections (node:internal/process/task_queues:83:21)
197 silly  FetchError: request to https://registry.npmjs.org/@jie-cli%2fget-npm-info failed, reason: connect ETIMEDOUT 104.16.28.34:443
197 silly     at ClientRequest.<anonymous> (D:\Project\Learn\webimooc\jie-cli\node_modules\npm-registry-fetch\node_modules\minipass-fetch\lib\index.js:130:14)
197 silly     at ClientRequest.emit (node:events:390:28)
197 silly     at TLSSocket.socketErrorListener (node:_http_client:447:9)
197 silly     at TLSSocket.emit (node:events:402:35)
197 silly     at emitErrorNT (node:internal/streams/destroy:157:8)
197 silly     at emitErrorCloseNT (node:internal/streams/destroy:122:3)
197 silly     at processTicksAndRejections (node:internal/process/task_queues:83:21) {
197 silly   code: 'ETIMEDOUT',
197 silly   errno: 'ETIMEDOUT',
197 silly   syscall: 'connect',
197 silly   address: '104.16.28.34',
197 silly   port: 443,
197 silly   type: 'system'
197 silly }
198 warn notice Package failed to publish: @jie-cli/get-npm-info
199 error ETIMEDOUT request to https://registry.npmjs.org/@jie-cli%2fget-npm-info failed, reason: connect ETIMEDOUT 104.16.28.34:443
200 error errno "ETIMEDOUT" is not a valid exit code - exiting with code 1
201 silly FetchError: request to https://registry.npmjs.org/@jie-cli%2fadd failed, reason: connect ETIMEDOUT 104.16.28.34:443
201 silly     at ClientRequest.<anonymous> (D:\Project\Learn\webimooc\jie-cli\node_modules\npm-registry-fetch\node_modules\minipass-fetch\lib\index.js:130:14)
201 silly     at ClientRequest.emit (node:events:390:28)
201 silly     at TLSSocket.socketErrorListener (node:_http_client:447:9)
201 silly     at TLSSocket.emit (node:events:402:35)
201 silly     at emitErrorNT (node:internal/streams/destroy:157:8)
201 silly     at emitErrorCloseNT (node:internal/streams/destroy:122:3)
201 silly     at processTicksAndRejections (node:internal/process/task_queues:83:21)
201 silly  FetchError: request to https://registry.npmjs.org/@jie-cli%2fadd failed, reason: connect ETIMEDOUT 104.16.28.34:443
201 silly     at ClientRequest.<anonymous> (D:\Project\Learn\webimooc\jie-cli\node_modules\npm-registry-fetch\node_modules\minipass-fetch\lib\index.js:130:14)
201 silly     at ClientRequest.emit (node:events:390:28)
201 silly     at TLSSocket.socketErrorListener (node:_http_client:447:9)
201 silly     at TLSSocket.emit (node:events:402:35)
201 silly     at emitErrorNT (node:internal/streams/destroy:157:8)
201 silly     at emitErrorCloseNT (node:internal/streams/destroy:122:3)
201 silly     at processTicksAndRejections (node:internal/process/task_queues:83:21) {
201 silly   code: 'ETIMEDOUT',
201 silly   errno: 'ETIMEDOUT',
201 silly   syscall: 'connect',
201 silly   address: '104.16.28.34',
201 silly   port: 443,
201 silly   type: 'system'
201 silly }
202 warn notice Package failed to publish: @jie-cli/add
203 error ETIMEDOUT request to https://registry.npmjs.org/@jie-cli%2fadd failed, reason: connect ETIMEDOUT 104.16.28.34:443
204 error errno "ETIMEDOUT" is not a valid exit code - exiting with code 1
205 silly FetchError: request to https://registry.npmjs.org/@jie-cli%2futils failed, reason: connect ETIMEDOUT 104.16.28.34:443
205 silly     at ClientRequest.<anonymous> (D:\Project\Learn\webimooc\jie-cli\node_modules\npm-registry-fetch\node_modules\minipass-fetch\lib\index.js:130:14)
205 silly     at ClientRequest.emit (node:events:390:28)
205 silly     at TLSSocket.socketErrorListener (node:_http_client:447:9)
205 silly     at TLSSocket.emit (node:events:402:35)
205 silly     at emitErrorNT (node:internal/streams/destroy:157:8)
205 silly     at emitErrorCloseNT (node:internal/streams/destroy:122:3)
205 silly     at processTicksAndRejections (node:internal/process/task_queues:83:21)
205 silly  FetchError: request to https://registry.npmjs.org/@jie-cli%2futils failed, reason: connect ETIMEDOUT 104.16.28.34:443
205 silly     at ClientRequest.<anonymous> (D:\Project\Learn\webimooc\jie-cli\node_modules\npm-registry-fetch\node_modules\minipass-fetch\lib\index.js:130:14)
205 silly     at ClientRequest.emit (node:events:390:28)
205 silly     at TLSSocket.socketErrorListener (node:_http_client:447:9)
205 silly     at TLSSocket.emit (node:events:402:35)
205 silly     at emitErrorNT (node:internal/streams/destroy:157:8)
205 silly     at emitErrorCloseNT (node:internal/streams/destroy:122:3)
205 silly     at processTicksAndRejections (node:internal/process/task_queues:83:21) {
205 silly   code: 'ETIMEDOUT',
205 silly   errno: 'ETIMEDOUT',
205 silly   syscall: 'connect',
205 silly   address: '104.16.28.34',
205 silly   port: 443,
205 silly   type: 'system'
205 silly }
206 warn notice Package failed to publish: @jie-cli/utils
207 error ETIMEDOUT request to https://registry.npmjs.org/@jie-cli%2futils failed, reason: connect ETIMEDOUT 104.16.28.34:443
208 error errno "ETIMEDOUT" is not a valid exit code - exiting with code 1
209 silly FetchError: request to https://registry.npmjs.org/@jie-cli%2fexec failed, reason: connect ETIMEDOUT 104.16.28.34:443
209 silly     at ClientRequest.<anonymous> (D:\Project\Learn\webimooc\jie-cli\node_modules\npm-registry-fetch\node_modules\minipass-fetch\lib\index.js:130:14)
209 silly     at ClientRequest.emit (node:events:390:28)
209 silly     at TLSSocket.socketErrorListener (node:_http_client:447:9)
209 silly     at TLSSocket.emit (node:events:402:35)
209 silly     at emitErrorNT (node:internal/streams/destroy:157:8)
209 silly     at emitErrorCloseNT (node:internal/streams/destroy:122:3)
209 silly     at processTicksAndRejections (node:internal/process/task_queues:83:21)
209 silly  FetchError: request to https://registry.npmjs.org/@jie-cli%2fexec failed, reason: connect ETIMEDOUT 104.16.28.34:443
209 silly     at ClientRequest.<anonymous> (D:\Project\Learn\webimooc\jie-cli\node_modules\npm-registry-fetch\node_modules\minipass-fetch\lib\index.js:130:14)
209 silly     at ClientRequest.emit (node:events:390:28)
209 silly     at TLSSocket.socketErrorListener (node:_http_client:447:9)
209 silly     at TLSSocket.emit (node:events:402:35)
209 silly     at emitErrorNT (node:internal/streams/destroy:157:8)
209 silly     at emitErrorCloseNT (node:internal/streams/destroy:122:3)
209 silly     at processTicksAndRejections (node:internal/process/task_queues:83:21) {
209 silly   code: 'ETIMEDOUT',
209 silly   errno: 'ETIMEDOUT',
209 silly   syscall: 'connect',
209 silly   address: '104.16.28.34',
209 silly   port: 443,
209 silly   type: 'system'
209 silly }
210 warn notice Package failed to publish: @jie-cli/exec
211 error ETIMEDOUT request to https://registry.npmjs.org/@jie-cli%2fexec failed, reason: connect ETIMEDOUT 104.16.28.34:443
212 error errno "ETIMEDOUT" is not a valid exit code - exiting with code 1
213 silly FetchError: request to https://registry.npmjs.org/@jie-cli%2flog failed, reason: connect ETIMEDOUT 104.16.28.34:443
213 silly     at ClientRequest.<anonymous> (D:\Project\Learn\webimooc\jie-cli\node_modules\npm-registry-fetch\node_modules\minipass-fetch\lib\index.js:130:14)
213 silly     at ClientRequest.emit (node:events:390:28)
213 silly     at TLSSocket.socketErrorListener (node:_http_client:447:9)
213 silly     at TLSSocket.emit (node:events:402:35)
213 silly     at emitErrorNT (node:internal/streams/destroy:157:8)
213 silly     at emitErrorCloseNT (node:internal/streams/destroy:122:3)
213 silly     at processTicksAndRejections (node:internal/process/task_queues:83:21)
213 silly  FetchError: request to https://registry.npmjs.org/@jie-cli%2flog failed, reason: connect ETIMEDOUT 104.16.28.34:443
213 silly     at ClientRequest.<anonymous> (D:\Project\Learn\webimooc\jie-cli\node_modules\npm-registry-fetch\node_modules\minipass-fetch\lib\index.js:130:14)
213 silly     at ClientRequest.emit (node:events:390:28)
213 silly     at TLSSocket.socketErrorListener (node:_http_client:447:9)
213 silly     at TLSSocket.emit (node:events:402:35)
213 silly     at emitErrorNT (node:internal/streams/destroy:157:8)
213 silly     at emitErrorCloseNT (node:internal/streams/destroy:122:3)
213 silly     at processTicksAndRejections (node:internal/process/task_queues:83:21) {
213 silly   code: 'ETIMEDOUT',
213 silly   errno: 'ETIMEDOUT',
213 silly   syscall: 'connect',
213 silly   address: '104.16.28.34',
213 silly   port: 443,
213 silly   type: 'system'
213 silly }
214 warn notice Package failed to publish: @jie-cli/log
215 error ETIMEDOUT request to https://registry.npmjs.org/@jie-cli%2flog failed, reason: connect ETIMEDOUT 104.16.28.34:443
216 error errno "ETIMEDOUT" is not a valid exit code - exiting with code 1
217 error FetchError: request to https://registry.npmjs.org/@jie-cli%2fformat-path failed, reason: connect ETIMEDOUT 104.16.28.34:443
217 error     at ClientRequest.<anonymous> (D:\Project\Learn\webimooc\jie-cli\node_modules\npm-registry-fetch\node_modules\minipass-fetch\lib\index.js:130:14)
217 error     at ClientRequest.emit (node:events:390:28)
217 error     at TLSSocket.socketErrorListener (node:_http_client:447:9)
217 error     at TLSSocket.emit (node:events:402:35)
217 error     at emitErrorNT (node:internal/streams/destroy:157:8)
217 error     at emitErrorCloseNT (node:internal/streams/destroy:122:3)
